-------------------------------------------
Batch: 0
-------------------------------------------
+--------+-----+
|customer|score|
+--------+-----+
+--------+-----+

-------------------------------------------
Batch: 1
-------------------------------------------
+--------------------+-----+
|            customer|score|
+--------------------+-----+
|Spencer.Staples@t...|  6.5|
+--------------------+-----+

-------------------------------------------
Batch: 2
-------------------------------------------
+--------------------+-----+
|            customer|score|
+--------------------+-----+
| Jane.Mitra@test.com|-13.0|
|David.Clayton@tes...| 38.0|
+--------------------+-----+

-------------------------------------------
Batch: 3
-------------------------------------------
+--------------------+-----+
|            customer|score|
+--------------------+-----+
|Senthil.Jefferson...|  9.5|
+--------------------+-----+

-------------------------------------------
Batch: 4
-------------------------------------------
+--------------------+-----+
|            customer|score|
+--------------------+-----+
|Sarah.Phillips@te...| -2.5|
+--------------------+-----+

-------------------------------------------
Batch: 5
-------------------------------------------
+-----------------+-----+
|         customer|score|
+-----------------+-----+
|Danny.Wu@test.com| -4.5|
+-----------------+-----+

-------------------------------------------
Batch: 6
-------------------------------------------
+--------------------+-----+
|            customer|score|
+--------------------+-----+
|Sarah.Sanchez@tes...| -2.5|
+--------------------+-----+

