Spark Command: /usr/lib/jvm/java-8-openjdk-amd64/jre/bin/java -cp /opt/spark-2.3.4-bin-hadoop2.7/conf/:/opt/spark-2.3.4-bin-hadoop2.7/jars/* -Xmx1g org.apache.spark.deploy.master.Master --host 042394116c21 --port 7077 --webui-port 8080
========================================
2021-07-23 21:46:54 INFO  Master:2612 - Started daemon with process name: 1602@042394116c21
2021-07-23 21:46:54 INFO  SignalUtils:54 - Registered signal handler for TERM
2021-07-23 21:46:54 INFO  SignalUtils:54 - Registered signal handler for HUP
2021-07-23 21:46:54 INFO  SignalUtils:54 - Registered signal handler for INT
2021-07-23 21:46:56 WARN  NativeCodeLoader:62 - Unable to load native-hadoop library for your platform... using builtin-java classes where applicable
2021-07-23 21:46:56 INFO  SecurityManager:54 - Changing view acls to: root
2021-07-23 21:46:56 INFO  SecurityManager:54 - Changing modify acls to: root
2021-07-23 21:46:56 INFO  SecurityManager:54 - Changing view acls groups to: 
2021-07-23 21:46:56 INFO  SecurityManager:54 - Changing modify acls groups to: 
2021-07-23 21:46:56 INFO  SecurityManager:54 - SecurityManager: authentication disabled; ui acls disabled; users  with view permissions: Set(root); groups with view permissions: Set(); users  with modify permissions: Set(root); groups with modify permissions: Set()
2021-07-23 21:46:57 INFO  Utils:54 - Successfully started service 'sparkMaster' on port 7077.
2021-07-23 21:46:58 INFO  Master:54 - Starting Spark master at spark://042394116c21:7077
2021-07-23 21:46:58 INFO  Master:54 - Running Spark version 2.3.4
2021-07-23 21:46:58 INFO  log:192 - Logging initialized @7453ms
2021-07-23 21:46:59 INFO  Server:351 - jetty-9.3.z-SNAPSHOT, build timestamp: unknown, git hash: unknown
2021-07-23 21:46:59 INFO  Server:419 - Started @7824ms
2021-07-23 21:46:59 INFO  AbstractConnector:278 - Started ServerConnector@3dfe7075{HTTP/1.1,[http/1.1]}{0.0.0.0:8080}
2021-07-23 21:46:59 INFO  Utils:54 - Successfully started service 'MasterUI' on port 8080.
2021-07-23 21:46:59 INFO  ContextHandler:781 - Started o.s.j.s.ServletContextHandler@72b40bd{/app,null,AVAILABLE,@Spark}
2021-07-23 21:46:59 INFO  ContextHandler:781 - Started o.s.j.s.ServletContextHandler@742243a3{/app/json,null,AVAILABLE,@Spark}
2021-07-23 21:46:59 INFO  ContextHandler:781 - Started o.s.j.s.ServletContextHandler@43d185ec{/,null,AVAILABLE,@Spark}
2021-07-23 21:46:59 INFO  ContextHandler:781 - Started o.s.j.s.ServletContextHandler@467c0867{/json,null,AVAILABLE,@Spark}
2021-07-23 21:46:59 INFO  ContextHandler:781 - Started o.s.j.s.ServletContextHandler@20a56450{/static,null,AVAILABLE,@Spark}
2021-07-23 21:46:59 INFO  ContextHandler:781 - Started o.s.j.s.ServletContextHandler@3dda25ae{/app/kill,null,AVAILABLE,@Spark}
2021-07-23 21:46:59 INFO  ContextHandler:781 - Started o.s.j.s.ServletContextHandler@fbc5b31{/driver/kill,null,AVAILABLE,@Spark}
2021-07-23 21:46:59 INFO  MasterWebUI:54 - Bound MasterWebUI to 0.0.0.0, and started at http://042394116c21:8080
2021-07-23 21:46:59 INFO  Server:351 - jetty-9.3.z-SNAPSHOT, build timestamp: unknown, git hash: unknown
2021-07-23 21:46:59 INFO  ContextHandler:781 - Started o.s.j.s.ServletContextHandler@1244be3c{/,null,AVAILABLE}
2021-07-23 21:46:59 INFO  AbstractConnector:278 - Started ServerConnector@7d7e4ab4{HTTP/1.1,[http/1.1]}{042394116c21:6066}
2021-07-23 21:46:59 INFO  Server:419 - Started @8429ms
2021-07-23 21:46:59 INFO  Utils:54 - Successfully started service on port 6066.
2021-07-23 21:46:59 INFO  StandaloneRestServer:54 - Started REST server for submitting applications on port 6066
2021-07-23 21:47:00 INFO  ContextHandler:781 - Started o.s.j.s.ServletContextHandler@4b0749c2{/metrics/master/json,null,AVAILABLE,@Spark}
2021-07-23 21:47:00 INFO  ContextHandler:781 - Started o.s.j.s.ServletContextHandler@2810cdf1{/metrics/applications/json,null,AVAILABLE,@Spark}
2021-07-23 21:47:00 INFO  Master:54 - I have been elected leader! New state: ALIVE
2021-07-23 21:48:10 INFO  Master:54 - Registering worker 172.18.0.2:36255 with 2 cores, 6.3 GB RAM
