[38;5;6m [38;5;5m18:02:33.33 [0m
[38;5;6m [38;5;5m18:02:33.33 [0m[1mWelcome to the Bitnami spark container[0m
[38;5;6m [38;5;5m18:02:33.33 [0mSubscribe to project updates by watching [1mhttps://github.com/bitnami/bitnami-docker-spark[0m
[38;5;6m [38;5;5m18:02:33.34 [0mSubmit issues and feature requests at [1mhttps://github.com/bitnami/bitnami-docker-spark/issues[0m

[38;5;6m [38;5;5m18:02:33.34 [0m
[38;5;6m [38;5;5m18:02:33.35 [0m[38;5;2mINFO [0m ==> ** Starting Spark setup **
[38;5;6m [38;5;5m18:02:33.39 [0m[38;5;2mINFO [0m ==> Generating Spark configuration file...
[38;5;6m [38;5;5m18:02:33.40 [0m[38;5;2mINFO [0m ==> ** Spark setup finished! **
[38;5;6m [38;5;5m18:02:33.42 [0m[38;5;2mINFO [0m ==> ** Starting Spark in master mode **
Spark Command: /opt/bitnami/java/bin/java -cp /opt/bitnami/spark/conf/:/opt/bitnami/spark/jars/* -Xmx1g org.apache.spark.deploy.master.Master --host 364946f5b0ef --port 7077 --webui-port 8080
========================================
Using Spark's default log4j profile: org/apache/spark/log4j-defaults.properties
21/07/26 18:02:37 INFO Master: Started daemon with process name: 41@364946f5b0ef
21/07/26 18:02:37 INFO SignalUtils: Registering signal handler for TERM
21/07/26 18:02:37 INFO SignalUtils: Registering signal handler for HUP
21/07/26 18:02:37 INFO SignalUtils: Registering signal handler for INT
21/07/26 18:02:38 WARN NativeCodeLoader: Unable to load native-hadoop library for your platform... using builtin-java classes where applicable
21/07/26 18:02:39 INFO SecurityManager: Changing view acls to: spark
21/07/26 18:02:39 INFO SecurityManager: Changing modify acls to: spark
21/07/26 18:02:39 INFO SecurityManager: Changing view acls groups to: 
21/07/26 18:02:39 INFO SecurityManager: Changing modify acls groups to: 
21/07/26 18:02:39 INFO SecurityManager: SecurityManager: authentication disabled; ui acls disabled; users  with view permissions: Set(spark); groups with view permissions: Set(); users  with modify permissions: Set(spark); groups with modify permissions: Set()
21/07/26 18:02:41 INFO Utils: Successfully started service 'sparkMaster' on port 7077.
21/07/26 18:02:41 INFO Master: Starting Spark master at spark://364946f5b0ef:7077
21/07/26 18:02:41 INFO Master: Running Spark version 3.1.2
21/07/26 18:02:42 INFO Utils: Successfully started service 'MasterUI' on port 8080.
21/07/26 18:02:42 INFO MasterWebUI: Bound MasterWebUI to 0.0.0.0, and started at http://364946f5b0ef:8080
21/07/26 18:02:43 INFO Master: I have been elected leader! New state: ALIVE
21/07/26 18:02:44 INFO Master: Registering worker 172.18.0.4:37291 with 1 cores, 1024.0 MiB RAM
starting org.apache.spark.deploy.master.Master, logging to /opt/bitnami/spark/logs/spark--org.apache.spark.deploy.master.Master-1-364946f5b0ef.out
